<?xml version="1.0" encoding="UTF-8"?>
<testng-results ignored="0" total="2" passed="2" failed="0" skipped="0">
  <reporter-output>
  </reporter-output>
  <suite started-at="2022-05-16T19:03:41 IST" name="Default suite" finished-at="2022-05-16T19:03:41 IST" duration-ms="69">
    <groups>
    </groups>
    <test started-at="2022-05-16T19:03:41 IST" name="Default test" finished-at="2022-05-16T19:03:41 IST" duration-ms="69">
      <class name="test.ExtentReportsDemoWithTestNG">
        <test-method is-config="true" signature="setup()[pri:0, instance:test.ExtentReportsDemoWithTestNG@4f6ee6e4]" started-at="2022-05-16T19:03:40 IST" name="setup" finished-at="2022-05-16T19:03:41 IST" duration-ms="447" status="PASS">
          <reporter-output>
          </reporter-output>
        </test-method> <!-- setup -->
        <test-method signature="test1()[pri:0, instance:test.ExtentReportsDemoWithTestNG@4f6ee6e4]" started-at="2022-05-16T19:03:41 IST" name="test1" finished-at="2022-05-16T19:03:41 IST" duration-ms="24" status="PASS">
          <reporter-output>
          </reporter-output>
        </test-method> <!-- test1 -->
        <test-method signature="test2()[pri:0, instance:test.ExtentReportsDemoWithTestNG@4f6ee6e4]" started-at="2022-05-16T19:03:41 IST" name="test2" finished-at="2022-05-16T19:03:41 IST" duration-ms="4" status="PASS">
          <reporter-output>
          </reporter-output>
        </test-method> <!-- test2 -->
        <test-method is-config="true" signature="tearDown()[pri:0, instance:test.ExtentReportsDemoWithTestNG@4f6ee6e4]" started-at="2022-05-16T19:03:41 IST" name="tearDown" finished-at="2022-05-16T19:03:41 IST" duration-ms="447" status="PASS">
          <reporter-output>
          </reporter-output>
        </test-method> <!-- tearDown -->
      </class> <!-- test.ExtentReportsDemoWithTestNG -->
    </test> <!-- Default test -->
  </suite> <!-- Default suite -->
</testng-results>
