<?xml version="1.0" encoding="UTF-8"?>
<testng-results ignored="0" total="1" passed="1" failed="0" skipped="0">
  <reporter-output>
  </reporter-output>
  <suite started-at="2022-05-16T13:45:19 IST" name="Default suite" finished-at="2022-05-16T13:45:25 IST" duration-ms="6116">
    <groups>
    </groups>
    <test started-at="2022-05-16T13:45:19 IST" name="Default test" finished-at="2022-05-16T13:45:25 IST" duration-ms="6116">
      <class name="test.TestNG_Demo">
        <test-method is-config="true" signature="setUpTest()[pri:0, instance:test.TestNG_Demo@323b36e0]" started-at="2022-05-16T13:45:19 IST" name="setUpTest" finished-at="2022-05-16T13:45:21 IST" duration-ms="2367" status="PASS">
          <reporter-output>
          </reporter-output>
        </test-method> <!-- setUpTest -->
        <test-method signature="googleSearch()[pri:0, instance:test.TestNG_Demo@323b36e0]" started-at="2022-05-16T13:45:21 IST" name="googleSearch" finished-at="2022-05-16T13:45:24 IST" duration-ms="3458" status="PASS">
          <reporter-output>
          </reporter-output>
        </test-method> <!-- googleSearch -->
        <test-method is-config="true" signature="tearDownTest()[pri:0, instance:test.TestNG_Demo@323b36e0]" started-at="2022-05-16T13:45:24 IST" name="tearDownTest" finished-at="2022-05-16T13:45:25 IST" duration-ms="234" status="PASS">
          <reporter-output>
          </reporter-output>
        </test-method> <!-- tearDownTest -->
      </class> <!-- test.TestNG_Demo -->
    </test> <!-- Default test -->
  </suite> <!-- Default suite -->
</testng-results>
